H:\CODE\C++_CODE\SIMNET\DEBUG\THREADPOOL.EXE
H:\CODE\C++_CODE\SIMNET\DEBUG\THREADPOOL.ILK
H:\CODE\C++_CODE\SIMNET\DEBUG\THREADPOOL.PDB
H:\code\c++_code\simnet\threadpool\Debug\cl.command.1.tlog
H:\code\c++_code\simnet\threadpool\Debug\CL.read.1.tlog
H:\code\c++_code\simnet\threadpool\Debug\CL.write.1.tlog
H:\CODE\C++_CODE\SIMNET\THREADPOOL\DEBUG\CONDITION.OBJ
H:\CODE\C++_CODE\SIMNET\THREADPOOL\DEBUG\EXCEPTION.OBJ
H:\code\c++_code\simnet\threadpool\Debug\link.command.1.tlog
H:\code\c++_code\simnet\threadpool\Debug\link.read.1.tlog
H:\code\c++_code\simnet\threadpool\Debug\link.write.1.tlog
H:\code\c++_code\simnet\threadpool\Debug\mt.command.1.tlog
H:\code\c++_code\simnet\threadpool\Debug\mt.read.1.tlog
H:\code\c++_code\simnet\threadpool\Debug\mt.write.1.tlog
H:\CODE\C++_CODE\SIMNET\THREADPOOL\DEBUG\MUTEXLOCK.OBJ
H:\CODE\C++_CODE\SIMNET\THREADPOOL\DEBUG\SPTHREAD.OBJ
H:\CODE\C++_CODE\SIMNET\THREADPOOL\DEBUG\TESTTHREADPOOL.OBJ
H:\CODE\C++_CODE\SIMNET\THREADPOOL\DEBUG\THREAD.OBJ
H:\CODE\C++_CODE\SIMNET\THREADPOOL\DEBUG\THREADPOOL.EXE.INTERMEDIATE.MANIFEST
H:\CODE\C++_CODE\SIMNET\THREADPOOL\DEBUG\THREADPOOL.OBJ
H:\code\c++_code\simnet\threadpool\Debug\vc100.idb
H:\CODE\C++_CODE\SIMNET\THREADPOOL\DEBUG\VC100.PDB
