生成启动时间为 2012/3/16 23:21:21。
     1>项目“H:\code\c++_code\simnet\threadpool\threadpool.vcxproj”在节点 2 上(build 个目标)。
     1>InitializeBuildStatus:
         正在创建“Debug\threadpool.unsuccessfulbuild”，因为已指定“AlwaysCreate”。
       ClCompile:
         h:\编程工具\VC\bin\CL.exe /c /ZI /nologo /W3 /WX- /Od /Oy- /D _MBCS /Gm /EHsc /RTC1 /MDd /GS /fp:precise /Zc:wchar_t /Zc:forScope /Fo"Debug\\" /Fd"Debug\vc100.pdb" /Gd /TP /analyze- /errorReport:prompt testthreadpool.cpp
         testthreadpool.cpp
       Link:
         h:\编程工具\VC\bin\link.exe /ERRORREPORT:PROMPT /OUT:"H:\code\c++_code\simnet\Debug\threadpool.exe" /NOLOGO kernel32.lib user32.lib gdi32.lib winspool.lib comdlg32.lib advapi32.lib shell32.lib ole32.lib oleaut32.lib uuid.lib odbc32.lib odbccp32.lib /MANIFEST /ManifestFile:"Debug\threadpool.exe.intermediate.manifest" /MANIFESTUAC:"level='asInvoker' uiAccess='false'" /DEBUG /PDB:"H:\code\c++_code\simnet\Debug\threadpool.pdb" /TLBID:1 /DYNAMICBASE /NXCOMPAT /IMPLIB:"H:\code\c++_code\simnet\Debug\threadpool.lib" /MACHINE:X86 Debug\condition.obj
         Debug\exception.obj
         Debug\mutexlock.obj
         Debug\spthread.obj
         Debug\testthreadpool.obj
         Debug\thread.obj
         Debug\threadpool.obj
         LINK : 没有找到 H:\code\c++_code\simnet\Debug\threadpool.exe 或上一个增量链接没有生成它；正在执行完全链接
         threadpool.vcxproj -> H:\code\c++_code\simnet\Debug\threadpool.exe
       Manifest:
         C:\Program Files (x86)\Microsoft SDKs\Windows\v7.0A\bin\mt.exe /nologo /verbose /outputresource:"H:\code\c++_code\simnet\Debug\threadpool.exe;#1" /manifest Debug\threadpool.exe.intermediate.manifest
       FinalizeBuildStatus:
         正在删除文件“Debug\threadpool.unsuccessfulbuild”。
         正在对“Debug\threadpool.lastbuildstate”执行 Touch 任务。
     1>已完成生成项目“H:\code\c++_code\simnet\threadpool\threadpool.vcxproj”(build 个目标)的操作。

生成成功。

已用时间 00:00:04.27
